<?xml version="1.0" encoding="UTF-8"?>
<!-- Generated by org.testng.reporters.JUnitXMLReporter -->
<testsuite hostname="DESKTOP-BMIEGEJ" ignored="1" name="Test1" tests="2" failures="0" timestamp="2020-10-03T16:04:14 GMT" time="53.457" errors="0">
  <testcase name="googleSearch2" time="26.619" classname="test.Test_GoogleSearch_TestNG_Demo2"/>
  <testcase name="googleSearch3" time="36.822" classname="test.Test_GoogleSearch_TestNG_Demo"/>
  <testcase name="googleSearch" time="0.0" classname="test.Test_GoogleSearch_TestNG_Demo">
    <ignored/>
  </testcase> <!-- googleSearch -->
</testsuite> <!-- Test1 -->
